2022/11/01 20:07:04:363 INFO Using appdir from default (cwd): /home/hidden-machine/Java Projects on Linux/OtherPeople/testPublicRepo/stub
2022/11/01 20:07:04:366 INFO ------------------ VM Info ------------------
2022/11/01 20:07:04:366 INFO -- OS Name: Linux
2022/11/01 20:07:04:366 INFO -- OS Arch: amd64
2022/11/01 20:07:04:366 INFO -- OS Vers: 5.15.0-52-generic
2022/11/01 20:07:04:366 INFO -- Java Vers: 18.0.2
2022/11/01 20:07:04:366 INFO -- Java Home: /home/hidden-machine/.jdks/openjdk-18.0.2
2022/11/01 20:07:04:366 INFO -- User Name: hidden-machine
2022/11/01 20:07:04:366 INFO -- User Home: /home/hidden-machine
2022/11/01 20:07:04:367 INFO -- Cur dir: /home/hidden-machine/Java Projects on Linux/OtherPeople/testPublicRepo/stub
2022/11/01 20:07:04:367 INFO ---------------------------------------------
2022/11/01 20:07:04:386 INFO Getdown starting [version=1.8.7, built=2022-05-24 10:43]
2022/11/01 20:07:04:386 INFO Checking whether we need to use a proxy...
2022/11/01 20:07:04:456 INFO Attempting to fetch without proxy: https://hiddenmachine3.github.io/testPublicRepo/app/beta/getdown.txt
2022/11/01 20:07:04:885 INFO No proxy appears to be needed.
2022/11/01 20:07:04:887 INFO Able to lock for updates: true
2022/11/01 20:07:04:888 INFO Verifying application: https://hiddenmachine3.github.io/testPublicRepo/app/beta/
2022/11/01 20:07:04:888 INFO Version: -1
2022/11/01 20:07:04:888 INFO Class: Main
2022/11/01 20:07:04:889 INFO Attempting to refetch 'digest.txt' from 'https://hiddenmachine3.github.io/testPublicRepo/app/beta/digest.txt'.
2022/11/01 20:07:04:906 INFO No signing certs, not verifying digest.txt [path=digest.txt]
2022/11/01 20:07:04:923 INFO Attempting to refetch 'digest2.txt' from 'https://hiddenmachine3.github.io/testPublicRepo/app/beta/digest2.txt'.
2022/11/01 20:07:04:937 INFO No signing certs, not verifying digest.txt [path=digest2.txt]
2022/11/01 20:07:04:970 INFO Verified resources [count=1, alreadyValid=1, size=0k, duration=5ms]
2022/11/01 20:07:04:971 INFO Nothing to install.
2022/11/01 20:07:04:981 INFO Didn't find any custom environment variables, not setting any.
2022/11/01 20:07:04:982 INFO Running /home/hidden-machine/.jdks/openjdk-18.0.2/bin/java
  -classpath
  testPublicRepo.jar
  -Dcom.threerings.getdown=true
  Main
